<?xml version="1.0" encoding="UTF-8"?>
<!-- Generated by org.testng.reporters.JUnitReportReporter -->
<testsuite skipped="0" hostname="PUN-SDHAGDI" name="MeridianPackages.Announcements" tests="2" failures="0" timestamp="09 Jan 2018 14:58:17 GMT" time="106.793" errors="0">
  <testcase name="AnnouncementCreation" time="100.407" classname="MeridianPackages.Announcements"/>
  <testcase name="LoginFlow" time="6.386" classname="MeridianPackages.Announcements"/>
</testsuite> <!-- MeridianPackages.Announcements -->
