<?xml version="1.0" encoding="UTF-8"?>
<!-- Generated by org.testng.reporters.JUnitReportReporter -->
<testsuite skipped="0" hostname="PUN-PREMG" name="MeridianPackages.Announcements" tests="1" failures="0" timestamp="05 Jan 2018 10:27:49 GMT" time="71.324" errors="0">
  <testcase name="AnnouncementCreation_Framework" time="71.324" classname="MeridianPackages.Announcements"/>
</testsuite> <!-- MeridianPackages.Announcements -->
