<?xml version="1.0" encoding="UTF-8"?>
<!-- Generated by org.testng.reporters.JUnitReportReporter -->
<testsuite skipped="0" hostname="PUN-SDHAGDI" name="com.meridian.test.Announcements" tests="2" failures="0" timestamp="10 Jan 2018 14:29:37 GMT" time="101.786" errors="0">
  <testcase name="AnnouncementCreation" time="77.298" classname="com.meridian.test.Announcements"/>
  <testcase name="LoginFlow" time="24.488" classname="com.meridian.test.Announcements"/>
</testsuite> <!-- com.meridian.test.Announcements -->
