<?xml version="1.0" encoding="UTF-8"?>
<!-- Generated by org.testng.reporters.JUnitReportReporter -->
<testsuite skipped="0" hostname="PUN-SDHAGDI" name="com.meridian.test.Announcements" tests="2" failures="0" timestamp="11 Jan 2018 14:10:29 GMT" time="84.622" errors="0">
  <testcase name="LoginFlow" time="26.478" classname="com.meridian.test.Announcements"/>
  <testcase name="AnnouncementCreation" time="58.144" classname="com.meridian.test.Announcements"/>
</testsuite> <!-- com.meridian.test.Announcements -->
