<?xml version="1.0" encoding="UTF-8"?>
<!-- Generated by org.testng.reporters.JUnitReportReporter -->
<testsuite skipped="0" hostname="PUN-PREMG" name="MeridianPackages.Announcements" tests="1" failures="0" timestamp="08 Jan 2018 07:51:36 GMT" time="64.529" errors="0">
  <testcase name="AnnouncementCreation_Framework" time="64.529" classname="MeridianPackages.Announcements"/>
</testsuite> <!-- MeridianPackages.Announcements -->
