<?xml version="1.0" encoding="UTF-8"?>
<!-- Generated by org.testng.reporters.JUnitReportReporter -->
<testsuite skipped="0" hostname="PUN-PREMG" name="MeridianPackages.AnnouncementsFullCode" tests="1" failures="0" timestamp="05 Jan 2018 11:03:55 GMT" time="87.582" errors="0">
  <testcase name="AnnouncementCreation_Fullcode" time="87.582" classname="MeridianPackages.AnnouncementsFullCode"/>
</testsuite> <!-- MeridianPackages.AnnouncementsFullCode -->
