<?xml version="1.0" encoding="UTF-8"?>
<!-- Generated by org.testng.reporters.JUnitReportReporter -->
<testsuite skipped="1" hostname="LAPTOP-U6N7CFLI" name="com.meridian.test.Announcements" tests="2" failures="0" timestamp="10 Jan 2018 20:57:02 GMT" time="103.268" errors="0">
  <testcase name="AnnouncementCreation" time="103.268" classname="com.meridian.test.Announcements"/>
  <testcase name="LoginFlow" classname="com.meridian.test.Announcements">
    <skipped/>
  </testcase> <!-- LoginFlow -->
</testsuite> <!-- com.meridian.test.Announcements -->
